<?xml version="1.0" encoding="UTF-8"?>
<!-- Generated by org.testng.reporters.JUnitXMLReporter -->
<testsuite ignored="2" hostname="DESKTOP-JH6HKVT" failures="0" tests="1" name="Default test" time="60.148" errors="0" timestamp="2022-09-19T11:36:08 IST">
  <testcase classname="com.MyEcom.testcase.SignInPageTest" name="signUpDetalis" time="39.443"/>
  <testcase classname="com.MyEcom.testcase.SignInPageTest" name="signup" time="0.0">
    <ignored/>
  </testcase> <!-- signup -->
  <testcase classname="com.MyEcom.testcase.SignInPageTest" name="login" time="0.0">
    <ignored/>
  </testcase> <!-- login -->
</testsuite> <!-- Default test -->
