<?xml version="1.0" encoding="UTF-8"?>
<!-- Generated by org.testng.reporters.JUnitXMLReporter -->
<testsuite ignored="1" hostname="DESKTOP-JH6HKVT" failures="1" tests="8" name="Test" time="149.306" errors="0" timestamp="2022-09-20T08:31:20 IST">
  <testcase classname="com.MyEcom.testcase.IndexPageTest" name="@AfterMethod tearDown" time="0.699">
    <failure type="java.lang.IllegalArgumentException" message="Parameter &amp;apos;srcDir&amp;apos; is not a directory: &amp;apos;C:\Users\HP\AppData\Local\Temp\screenshot15748199396942755837.png&amp;apos;">
      <![CDATA[java.lang.IllegalArgumentException: Parameter 'srcDir' is not a directory: 'C:\Users\HP\AppData\Local\Temp\screenshot15748199396942755837.png'
at org.apache.commons.io.FileUtils.requireDirectory(FileUtils.java:2635)
at org.apache.commons.io.FileUtils.copyDirectory(FileUtils.java:682)
at org.apache.commons.io.FileUtils.copyDirectory(FileUtils.java:630)
at org.apache.commons.io.FileUtils.copyDirectory(FileUtils.java:531)
at org.apache.commons.io.FileUtils.copyDirectory(FileUtils.java:502)
at com.MyEcom.utility.Utility.getScreenShot(Utility.java:54)
at com.MyEcom.testcase.IndexPageTest.tearDown(IndexPageTest.java:60)
at java.base/java.util.ArrayList.forEach(ArrayList.java:1511)
... Removed 32 stack frames]]>
    </failure>
  </testcase> <!-- @AfterMethod tearDown -->
  <testcase classname="com.MyEcom.testcase.IndexPageTest" name="@BeforeMethod generateExtentReport" time="-1.663642761974E9">
    <skipped/>
  </testcase> <!-- @BeforeMethod generateExtentReport -->
  <testcase classname="com.MyEcom.testcase.IndexPageTest" name="@BeforeMethod setUp" time="-1.663642761977E9">
    <skipped/>
  </testcase> <!-- @BeforeMethod setUp -->
  <testcase classname="com.MyEcom.testcase.IndexPageTest" name="@AfterMethod flushReport" time="-1.663642761997E9">
    <skipped/>
  </testcase> <!-- @AfterMethod flushReport -->
  <testcase classname="com.MyEcom.testcase.IndexPageTest" name="@AfterMethod tearDown" time="-1.663642762E9">
    <skipped/>
  </testcase> <!-- @AfterMethod tearDown -->
  <testcase classname="com.MyEcom.testcase.IndexPageTest" name="@BeforeMethod generateExtentReport" time="-1.663642762009E9">
    <skipped/>
  </testcase> <!-- @BeforeMethod generateExtentReport -->
  <testcase classname="com.MyEcom.testcase.IndexPageTest" name="@BeforeMethod setUp" time="-1.663642762011E9">
    <skipped/>
  </testcase> <!-- @BeforeMethod setUp -->
  <testcase classname="com.MyEcom.testcase.IndexPageTest" name="@AfterMethod flushReport" time="-1.66364276203E9">
    <skipped/>
  </testcase> <!-- @AfterMethod flushReport -->
  <testcase classname="com.MyEcom.testcase.IndexPageTest" name="@AfterMethod tearDown" time="-1.663642762037E9">
    <skipped/>
  </testcase> <!-- @AfterMethod tearDown -->
  <testcase classname="com.MyEcom.testcase.IndexPageTest" name="@BeforeMethod generateExtentReport" time="-1.663642762043E9">
    <skipped/>
  </testcase> <!-- @BeforeMethod generateExtentReport -->
  <testcase classname="com.MyEcom.testcase.IndexPageTest" name="@BeforeMethod setUp" time="-1.663642762047E9">
    <skipped/>
  </testcase> <!-- @BeforeMethod setUp -->
  <testcase classname="com.MyEcom.testcase.IndexPageTest" name="@AfterMethod flushReport" time="-1.663642762076E9">
    <skipped/>
  </testcase> <!-- @AfterMethod flushReport -->
  <testcase classname="com.MyEcom.testcase.IndexPageTest" name="@AfterMethod tearDown" time="-1.663642762078E9">
    <skipped/>
  </testcase> <!-- @AfterMethod tearDown -->
  <testcase classname="com.MyEcom.testcase.IndexPageTest" name="@BeforeMethod generateExtentReport" time="-1.66364276208E9">
    <skipped/>
  </testcase> <!-- @BeforeMethod generateExtentReport -->
  <testcase classname="com.MyEcom.testcase.IndexPageTest" name="@BeforeMethod setUp" time="-1.663642762082E9">
    <skipped/>
  </testcase> <!-- @BeforeMethod setUp -->
  <testcase classname="com.MyEcom.testcase.IndexPageTest" name="@AfterMethod flushReport" time="-1.663642762097E9">
    <skipped/>
  </testcase> <!-- @AfterMethod flushReport -->
  <testcase classname="com.MyEcom.testcase.IndexPageTest" name="@AfterMethod tearDown" time="-1.663642762099E9">
    <skipped/>
  </testcase> <!-- @AfterMethod tearDown -->
  <testcase classname="com.MyEcom.testcase.IndexPageTest" name="ClickOnSignIn" time="6.266">
    <failure type="java.lang.NullPointerException" message="Cannot invoke &amp;quot;com.MyEcom.Pom.SignInPagePom.getPageHEading()&amp;quot; because &amp;quot;this.signInPagePom&amp;quot; is null">
      <![CDATA[java.lang.NullPointerException: Cannot invoke "com.MyEcom.Pom.SignInPagePom.getPageHEading()" because "this.signInPagePom" is null
at com.MyEcom.testcase.IndexPageTest.ClickOnSignIn(IndexPageTest.java:100)
at java.base/java.util.ArrayList.forEach(ArrayList.java:1511)
... Removed 27 stack frames]]>
    </failure>
  </testcase> <!-- ClickOnSignIn -->
  <testcase classname="com.MyEcom.testcase.IndexPageTest" name="SearchProduct" time="0.001">
    <skipped/>
  </testcase> <!-- SearchProduct -->
  <testcase classname="com.MyEcom.testcase.IndexPageTest" name="ValidateSearchButton" time="0.0">
    <skipped/>
  </testcase> <!-- ValidateSearchButton -->
  <testcase classname="com.MyEcom.testcase.IndexPageTest" name="ValidateTittle" time="0.0">
    <skipped/>
  </testcase> <!-- ValidateTittle -->
  <testcase classname="com.MyEcom.testcase.IndexPageTest" name="validateLogo" time="0.0">
    <skipped/>
  </testcase> <!-- validateLogo -->
  <testcase classname="com.MyEcom.testcase.SignInPageTest" name="login" time="14.524"/>
  <testcase classname="com.MyEcom.testcase.SignInPageTest" name="signUpDetalis" time="35.259"/>
  <testcase classname="com.MyEcom.testcase.SignInPageTest" name="signup" time="13.712"/>
  <testcase classname="com.MyEcom.base.BaseClass" name="@BeforeTest readProp" time="0.0">
    <ignored/>
  </testcase> <!-- @BeforeTest readProp -->
</testsuite> <!-- Test -->
