<?xml version="1.0" encoding="UTF-8"?>
<testng-results ignored="2" total="3" passed="1" failed="0" skipped="0">
  <reporter-output>
  </reporter-output>
  <suite started-at="2022-09-21T06:53:29 IST" name="Default suite" finished-at="2022-09-21T06:55:08 IST" duration-ms="99541">
    <groups>
    </groups>
    <test started-at="2022-09-21T06:53:29 IST" name="Default test" finished-at="2022-09-21T06:55:08 IST" duration-ms="99541">
      <class name="com.MyEcom.testcase.SignInPageTest">
        <test-method is-config="true" signature="readProp()[pri:0, instance:com.MyEcom.testcase.SignInPageTest@2d901eb0]" started-at="2022-09-21T06:53:29 IST" name="readProp" finished-at="2022-09-21T06:53:29 IST" duration-ms="25" status="PASS">
          <reporter-output>
          </reporter-output>
        </test-method> <!-- readProp -->
        <test-method is-config="true" signature="setUp()[pri:0, instance:com.MyEcom.testcase.SignInPageTest@2d901eb0]" started-at="2022-09-21T06:53:29 IST" name="setUp" finished-at="2022-09-21T06:54:29 IST" duration-ms="59718" status="PASS">
          <reporter-output>
          </reporter-output>
        </test-method> <!-- setUp -->
        <test-method signature="signUpDetalis()[pri:0, instance:com.MyEcom.testcase.SignInPageTest@2d901eb0]" started-at="2022-09-21T06:54:29 IST" name="signUpDetalis" finished-at="2022-09-21T06:55:08 IST" duration-ms="39114" status="PASS">
          <reporter-output>
          </reporter-output>
        </test-method> <!-- signUpDetalis -->
        <test-method is-config="true" signature="tearDown()[pri:0, instance:com.MyEcom.testcase.SignInPageTest@2d901eb0]" started-at="2022-09-21T06:55:08 IST" name="tearDown" finished-at="2022-09-21T06:55:08 IST" duration-ms="594" status="PASS">
          <reporter-output>
          </reporter-output>
        </test-method> <!-- tearDown -->
      </class> <!-- com.MyEcom.testcase.SignInPageTest -->
    </test> <!-- Default test -->
  </suite> <!-- Default suite -->
</testng-results>
