<?xml version="1.0" encoding="UTF-8"?>
<testng-results ignored="4" total="5" passed="0" failed="1" skipped="0">
  <reporter-output>
  </reporter-output>
  <suite started-at="2022-09-20T08:56:10 IST" name="Default suite" finished-at="2022-09-20T08:56:39 IST" duration-ms="29168">
    <groups>
    </groups>
    <test started-at="2022-09-20T08:56:10 IST" name="Default test" finished-at="2022-09-20T08:56:39 IST" duration-ms="29168">
      <class name="com.MyEcom.testcase.IndexPageTest">
        <test-method is-config="true" signature="readProp()[pri:0, instance:com.MyEcom.testcase.IndexPageTest@290222c1]" started-at="2022-09-20T08:56:10 IST" name="readProp" finished-at="2022-09-20T08:56:10 IST" duration-ms="14" status="PASS">
          <reporter-output>
          </reporter-output>
        </test-method> <!-- readProp -->
        <test-method is-config="true" signature="generateExtentReport()[pri:0, instance:com.MyEcom.testcase.IndexPageTest@290222c1]" started-at="2022-09-20T08:56:10 IST" name="generateExtentReport" finished-at="2022-09-20T08:56:11 IST" duration-ms="775" status="PASS">
          <reporter-output>
          </reporter-output>
        </test-method> <!-- generateExtentReport -->
        <test-method is-config="true" signature="setUp()[pri:0, instance:com.MyEcom.testcase.IndexPageTest@290222c1]" started-at="2022-09-20T08:56:11 IST" name="setUp" finished-at="2022-09-20T08:56:31 IST" duration-ms="20298" status="PASS">
          <reporter-output>
          </reporter-output>
        </test-method> <!-- setUp -->
        <test-method signature="ClickOnSignIn()[pri:0, instance:com.MyEcom.testcase.IndexPageTest@290222c1]" started-at="2022-09-20T08:56:31 IST" name="ClickOnSignIn" finished-at="2022-09-20T08:56:37 IST" duration-ms="6095" status="FAIL">
          <exception class="java.lang.NullPointerException">
            <message>
              <![CDATA[Cannot invoke "com.MyEcom.Pom.SignInPagePom.getPageHEading()" because "this.signInPagePom" is null]]>
            </message>
            <full-stacktrace>
              <![CDATA[java.lang.NullPointerException: Cannot invoke "com.MyEcom.Pom.SignInPagePom.getPageHEading()" because "this.signInPagePom" is null
at com.MyEcom.testcase.IndexPageTest.ClickOnSignIn(IndexPageTest.java:100)
at java.base/jdk.internal.reflect.NativeMethodAccessorImpl.invoke0(Native Method)
at java.base/jdk.internal.reflect.NativeMethodAccessorImpl.invoke(NativeMethodAccessorImpl.java:77)
at java.base/jdk.internal.reflect.DelegatingMethodAccessorImpl.invoke(DelegatingMethodAccessorImpl.java:43)
at java.base/java.lang.reflect.Method.invoke(Method.java:568)
at org.testng.internal.MethodInvocationHelper.invokeMethod(MethodInvocationHelper.java:133)
at org.testng.internal.TestInvoker.invokeMethod(TestInvoker.java:598)
at org.testng.internal.TestInvoker.invokeTestMethod(TestInvoker.java:173)
at org.testng.internal.MethodRunner.runInSequence(MethodRunner.java:46)
at org.testng.internal.TestInvoker$MethodInvocationAgent.invoke(TestInvoker.java:824)
at org.testng.internal.TestInvoker.invokeTestMethods(TestInvoker.java:146)
at org.testng.internal.TestMethodWorker.invokeTestMethods(TestMethodWorker.java:146)
at org.testng.internal.TestMethodWorker.run(TestMethodWorker.java:128)
at java.base/java.util.ArrayList.forEach(ArrayList.java:1511)
at org.testng.TestRunner.privateRun(TestRunner.java:794)
at org.testng.TestRunner.run(TestRunner.java:596)
at org.testng.SuiteRunner.runTest(SuiteRunner.java:377)
at org.testng.SuiteRunner.runSequentially(SuiteRunner.java:371)
at org.testng.SuiteRunner.privateRun(SuiteRunner.java:332)
at org.testng.SuiteRunner.run(SuiteRunner.java:276)
at org.testng.SuiteRunnerWorker.runSuite(SuiteRunnerWorker.java:53)
at org.testng.SuiteRunnerWorker.run(SuiteRunnerWorker.java:96)
at org.testng.TestNG.runSuitesSequentially(TestNG.java:1212)
at org.testng.TestNG.runSuitesLocally(TestNG.java:1134)
at org.testng.TestNG.runSuites(TestNG.java:1063)
at org.testng.TestNG.run(TestNG.java:1031)
at org.testng.remote.AbstractRemoteTestNG.run(AbstractRemoteTestNG.java:115)
at org.testng.remote.RemoteTestNG.initAndRun(RemoteTestNG.java:251)
at org.testng.remote.RemoteTestNG.main(RemoteTestNG.java:77)
]]>
            </full-stacktrace>
          </exception> <!-- java.lang.NullPointerException -->
          <reporter-output>
          </reporter-output>
        </test-method> <!-- ClickOnSignIn -->
        <test-method is-config="true" signature="flushReport()[pri:0, instance:com.MyEcom.testcase.IndexPageTest@290222c1]" started-at="2022-09-20T08:56:37 IST" name="flushReport" finished-at="2022-09-20T08:56:38 IST" duration-ms="1096" status="PASS">
          <reporter-output>
          </reporter-output>
        </test-method> <!-- flushReport -->
        <test-method is-config="true" signature="tearDown(org.testng.ITestResult)[pri:0, instance:com.MyEcom.testcase.IndexPageTest@290222c1]" started-at="2022-09-20T08:56:38 IST" name="tearDown" finished-at="2022-09-20T08:56:39 IST" duration-ms="800" status="FAIL">
          <params>
            <param index="0">
              <value>
                <![CDATA[[TestResult name=ClickOnSignIn status=FAILURE method=IndexPageTest.ClickOnSignIn()[pri:0, instance:com.MyEcom.testcase.IndexPageTest@290222c1] output={null}]]]>
              </value>
            </param>
          </params>
          <exception class="java.lang.IllegalArgumentException">
            <message>
              <![CDATA[Parameter 'srcDir' is not a directory: 'C:\Users\HP\AppData\Local\Temp\screenshot10740978502025891314.png']]>
            </message>
            <full-stacktrace>
              <![CDATA[java.lang.IllegalArgumentException: Parameter 'srcDir' is not a directory: 'C:\Users\HP\AppData\Local\Temp\screenshot10740978502025891314.png'
at org.apache.commons.io.FileUtils.requireDirectory(FileUtils.java:2635)
at org.apache.commons.io.FileUtils.copyDirectory(FileUtils.java:682)
at org.apache.commons.io.FileUtils.copyDirectory(FileUtils.java:630)
at org.apache.commons.io.FileUtils.copyDirectory(FileUtils.java:531)
at org.apache.commons.io.FileUtils.copyDirectory(FileUtils.java:502)
at com.MyEcom.utility.Utility.getScreenShot(Utility.java:54)
at com.MyEcom.testcase.IndexPageTest.tearDown(IndexPageTest.java:60)
at java.base/jdk.internal.reflect.NativeMethodAccessorImpl.invoke0(Native Method)
at java.base/jdk.internal.reflect.NativeMethodAccessorImpl.invoke(NativeMethodAccessorImpl.java:77)
at java.base/jdk.internal.reflect.DelegatingMethodAccessorImpl.invoke(DelegatingMethodAccessorImpl.java:43)
at java.base/java.lang.reflect.Method.invoke(Method.java:568)
at org.testng.internal.MethodInvocationHelper.invokeMethod(MethodInvocationHelper.java:133)
at org.testng.internal.MethodInvocationHelper.invokeMethodConsideringTimeout(MethodInvocationHelper.java:62)
at org.testng.internal.ConfigInvoker.invokeConfigurationMethod(ConfigInvoker.java:385)
at org.testng.internal.ConfigInvoker.invokeConfigurations(ConfigInvoker.java:321)
at org.testng.internal.TestInvoker.runConfigMethods(TestInvoker.java:700)
at org.testng.internal.TestInvoker.runAfterGroupsConfigurations(TestInvoker.java:676)
at org.testng.internal.TestInvoker.invokeMethod(TestInvoker.java:660)
at org.testng.internal.TestInvoker.invokeTestMethod(TestInvoker.java:173)
at org.testng.internal.MethodRunner.runInSequence(MethodRunner.java:46)
at org.testng.internal.TestInvoker$MethodInvocationAgent.invoke(TestInvoker.java:824)
at org.testng.internal.TestInvoker.invokeTestMethods(TestInvoker.java:146)
at org.testng.internal.TestMethodWorker.invokeTestMethods(TestMethodWorker.java:146)
at org.testng.internal.TestMethodWorker.run(TestMethodWorker.java:128)
at java.base/java.util.ArrayList.forEach(ArrayList.java:1511)
at org.testng.TestRunner.privateRun(TestRunner.java:794)
at org.testng.TestRunner.run(TestRunner.java:596)
at org.testng.SuiteRunner.runTest(SuiteRunner.java:377)
at org.testng.SuiteRunner.runSequentially(SuiteRunner.java:371)
at org.testng.SuiteRunner.privateRun(SuiteRunner.java:332)
at org.testng.SuiteRunner.run(SuiteRunner.java:276)
at org.testng.SuiteRunnerWorker.runSuite(SuiteRunnerWorker.java:53)
at org.testng.SuiteRunnerWorker.run(SuiteRunnerWorker.java:96)
at org.testng.TestNG.runSuitesSequentially(TestNG.java:1212)
at org.testng.TestNG.runSuitesLocally(TestNG.java:1134)
at org.testng.TestNG.runSuites(TestNG.java:1063)
at org.testng.TestNG.run(TestNG.java:1031)
at org.testng.remote.AbstractRemoteTestNG.run(AbstractRemoteTestNG.java:115)
at org.testng.remote.RemoteTestNG.initAndRun(RemoteTestNG.java:251)
at org.testng.remote.RemoteTestNG.main(RemoteTestNG.java:77)
]]>
            </full-stacktrace>
          </exception> <!-- java.lang.IllegalArgumentException -->
          <reporter-output>
          </reporter-output>
        </test-method> <!-- tearDown -->
      </class> <!-- com.MyEcom.testcase.IndexPageTest -->
    </test> <!-- Default test -->
  </suite> <!-- Default suite -->
</testng-results>
